Action.c(168):     <tr><td>&nbsp;</td>\n
Action.c(168):     <td><input type="password" name="password" value="" size="14" maxlength="14"/></td></tr>\n
Action.c(168):     <tr><td>&nbsp;</td>\n
Action.c(168):     <td>&nbsp;</td></tr>\n
Action.c(168):     <tr><td>&nbsp;</td>\n
Action.c(168):     <td><input type="image" name="login" value="Login" alt="Login" border="1" \n
Action.c(168):     src="/WebTours/images/mer_login.gif"/></td></tr>\n
Action.c(168):     <tr><td>&nbsp;</td><td>&nbsp;</td></tr>\n
Action.c(168):     </table><input type="hidden" name="JSFormSubmit" value="off"/>\n
Action.c(168):     </form>\n
Action.c(168):     \n
Action.c(168):     </body>\n
Action.c(168):     </html>\n
Action.c(168): Resource "http://localhost:1080/WebTours/images/mer_login.gif" is in the cache already and will not be downloaded again  	[MsgId: MMSG-26655]
Action.c(168): t=3758684ms: Request done "http://localhost:1080/cgi-bin/nav.pl?in=home"  	[MsgId: MMSG-26000]
Action.c(168): Registered web_reg_find successful for "Text=A Session ID has been created and loaded into a cookie called MSO" (count=1)  	[MsgId: MMSG-26364]
Action.c(168): web_url("SignOff Button") was successful, 2170 body bytes, 583 header bytes, 24 chunking overhead bytes  	[MsgId: MMSG-26385]
Action.c(178): Notify: Transaction "signOff" ended with a "Pass" status (Duration: 5,1404 Think Time: 5,0049 Wasted Time: 0,0000).	[MsgId: MMSG-16870]
Action.c(182): Notify: Transaction "UC02_searchTicket_withoutBuy" ended with a "Pass" status (Duration: 25,7925 Think Time: 25,0362 Wasted Time: 0,0006).	[MsgId: MMSG-16870]
Ending action Action.	[MsgId: MMSG-15918]
Action was aborted.	[MsgId: MMSG-10694]
Ending Vuser...	[MsgId: MMSG-15966]
Starting action vuser_end.	[MsgId: MMSG-15919]
Ending action vuser_end.	[MsgId: MMSG-15918]
Vuser Terminated.	[MsgId: MMSG-15963]
t=3758685ms: Closed connection [0] to localhost:1080 after completing 3 request(s)  	[MsgId: MMSG-26000]
t=3758685ms: Closed connection [1] to localhost:1080 after completing 1 request(s)  	[MsgId: MMSG-26000]
HTML-Mode memory management statistics: Reusable=6, NonReusable=0, CsMemBlockSize=4096, checks disabled  	[MsgId: MMSG-26000]
Vuser 1 (thread 29568), ended OK."	[MsgId: MMSG-10695]
